#
# There is insufficient memory for the Java Runtime Environment to continue.
# Native memory allocation (malloc) failed to allocate 2164192 bytes for Chunk::new
# Possible reasons:
#   The system is out of physical RAM or swap space
#   In 32 bit mode, the process size limit was hit
# Possible solutions:
#   Reduce memory load on the system
#   Increase physical memory or swap space
#   Check if swap backing store is full
#   Use 64 bit Java on a 64 bit OS
#   Decrease Java heap size (-Xmx/-Xms)
#   Decrease number of Java threads
#   Decrease Java thread stack sizes (-Xss)
#   Set larger code cache with -XX:ReservedCodeCacheSize=
# This output file may be truncated or incomplete.
#
#  Out of Memory Error (allocation.cpp:390), pid=7140, tid=0x0000000000001438
#
# JRE version: OpenJDK Runtime Environment (8.0_152-b02) (build 1.8.0_152-release-1024-b02)
# Java VM: OpenJDK 64-Bit Server VM (25.152-b02 mixed mode windows-amd64 compressed oops)
# Failed to write core dump. Minidumps are not enabled by default on client versions of Windows
#

---------------  T H R E A D  ---------------

Current thread (0x00000000162ef800):  JavaThread "C2 CompilerThread1" daemon [_thread_in_native, id=5176, stack(0x00000000179e0000,0x0000000017ae0000)]

Stack: [0x00000000179e0000,0x0000000017ae0000]
[error occurred during error reporting (printing stack bounds), id 0xc0000005]

Native frames: (J=compiled Java code, j=interpreted, Vv=VM code, C=native code)


Current CompileTask:
C2:  20772 3496       4       org.gradle.model.internal.type.ModelType::wrap (219 bytes)


---------------  P R O C E S S  ---------------

Java Threads: ( => current thread )
  0x00000000186a2800 JavaThread "Memory manager" [_thread_blocked, id=1640, stack(0x0000000020840000,0x0000000020940000)]
  0x00000000186a9800 JavaThread "build operations Thread 4" [_thread_blocked, id=1184, stack(0x0000000020140000,0x0000000020240000)]
  0x00000000186a8800 JavaThread "build operations Thread 3" [_thread_blocked, id=5684, stack(0x0000000020040000,0x0000000020140000)]
  0x00000000186a8000 JavaThread "build operations Thread 2" [_thread_blocked, id=8948, stack(0x000000001ff40000,0x0000000020040000)]
  0x00000000186a4000 JavaThread "build operations" [_thread_blocked, id=9872, stack(0x000000001fd40000,0x000000001fe40000)]
  0x00000000186a6800 JavaThread "Cache worker for Artifact transforms cache (C:\Users\blitox\.gradle\caches\transforms-1)" [_thread_blocked, id=3116, stack(0x000000001fa40000,0x000000001fb40000)]
  0x000000001986e800 JavaThread "Cache worker for file hash cache (C:\Users\blitox\AndroidStudioProjects\MiMapa\.gradle\4.4\fileHashes)" [_thread_blocked, id=8248, stack(0x000000001bf00000,0x000000001c000000)]
  0x0000000019438800 JavaThread "File lock request listener" [_thread_in_native, id=9460, stack(0x000000001be00000,0x000000001bf00000)]
  0x000000001969b000 JavaThread "Cache worker for file hash cache (C:\Users\blitox\.gradle\caches\4.4\fileHashes)" [_thread_blocked, id=2168, stack(0x000000001ad30000,0x000000001ae30000)]
  0x00000000192e9000 JavaThread "Stdin handler" [_thread_blocked, id=6104, stack(0x000000001aa30000,0x000000001ab30000)]
  0x00000000192e8000 JavaThread "Asynchronous log dispatcher for DefaultDaemonConnection: socket connection from /127.0.0.1:51160 to /127.0.0.1:51161" [_thread_blocked, id=5192, stack(0x000000001a930000,0x000000001aa30000)]
  0x0000000019310000 JavaThread "Daemon worker" [_thread_in_native, id=8884, stack(0x000000001a830000,0x000000001a930000)]
  0x000000001930f000 JavaThread "Cancel handler" [_thread_blocked, id=4708, stack(0x000000001a730000,0x000000001a830000)]
  0x00000000192c4800 JavaThread "Handler for socket connection from /127.0.0.1:51160 to /127.0.0.1:51161" [_thread_in_native, id=2108, stack(0x000000001a430000,0x000000001a530000)]
  0x00000000192c1800 JavaThread "Daemon" [_thread_blocked, id=6880, stack(0x000000001a330000,0x000000001a430000)]
  0x000000001925f000 JavaThread "Daemon periodic checks" [_thread_blocked, id=9228, stack(0x000000001a230000,0x000000001a330000)]
  0x0000000019247000 JavaThread "Incoming local TCP Connector on port 51160" [_thread_in_native, id=2132, stack(0x0000000019ff0000,0x000000001a0f0000)]
  0x0000000017aee000 JavaThread "Service Thread" daemon [_thread_blocked, id=5552, stack(0x0000000017fe0000,0x00000000180e0000)]
  0x0000000017ae9000 JavaThread "C1 CompilerThread2" daemon [_thread_blocked, id=7680, stack(0x0000000017ee0000,0x0000000017fe0000)]
=>0x00000000162ef800 JavaThread "C2 CompilerThread1" daemon [_thread_in_native, id=5176, stack(0x00000000179e0000,0x0000000017ae0000)]
  0x00000000162a7800 JavaThread "C2 CompilerThread0" daemon [_thread_blocked, id=4248, stack(0x00000000178e0000,0x00000000179e0000)]
  0x00000000162a6800 JavaThread "Attach Listener" daemon [_thread_blocked, id=9728, stack(0x00000000177e0000,0x00000000178e0000)]
  0x00000000162a5000 JavaThread "Signal Dispatcher" daemon [_thread_blocked, id=8792, stack(0x00000000176e0000,0x00000000177e0000)]
  0x0000000016288800 JavaThread "Finalizer" daemon [_thread_blocked, id=3028, stack(0x00000000174f0000,0x00000000175f0000)]
  0x0000000002922800 JavaThread "Reference Handler" daemon [_thread_blocked, id=560, stack(0x00000000173f0000,0x00000000174f0000)]
  0x000000000269d800 JavaThread "main" [_thread_blocked, id=8068, stack(0x0000000002730000,0x0000000002830000)]

Other Threads:
  0x0000000016265800 VMThread [stack: 0x00000000172f0000,0x00000000173f0000] [id=5580]
  0x0000000017aef000 WatcherThread [stack: 0x00000000180e0000,0x00000000181e0000] [id=4264]

VM state:not at safepoint (normal execution)

VM Mutex/Monitor currently owned by a thread: None

Heap:
 PSYoungGen      total 78848K, used 18247K [0x00000000e0000000, 0x00000000e7280000, 0x0000000100000000)
  eden space 68096K, 17% used [0x00000000e0000000,0x00000000e0b5bf58,0x00000000e4280000)
  from space 10752K, 61% used [0x00000000e4280000,0x00000000e48f5fb8,0x00000000e4d00000)
  to   space 10752K, 0% used [0x00000000e6800000,0x00000000e6800000,0x00000000e7280000)
 ParOldGen       total 81408K, used 13874K [0x00000000a0000000, 0x00000000a4f80000, 0x00000000e0000000)
  object space 81408K, 17% used [0x00000000a0000000,0x00000000a0d8c8d0,0x00000000a4f80000)
 Metaspace       used 39121K, capacity 39852K, committed 40152K, reserved 1083392K
  class space    used 5340K, capacity 5576K, committed 5632K, reserved 1048576K

Card table byte_map: [0x0000000011cf0000,0x0000000012000000] byte_map_base: 0x00000000117f0000

Marking Bits: (ParMarkBitMap*) 0x000000005fee4970
 Begin Bits: [0x0000000012600000, 0x0000000013e00000)
 End Bits:   [0x0000000013e00000, 0x0000000015600000)

Polling page: 0x0000000000aa0000

CodeCache: size=245760Kb used=12195Kb max_used=12207Kb free=233564Kb
 bounds [0x0000000002930000, 0x0000000003530000, 0x0000000011930000]
 total_blobs=4225 nmethods=3514 adapters=624
 compilation: enabled

Compilation events (10 events):
Event: 20.673 Thread 0x00000000162a7800 nmethod 3800 0x000000000351c550 code [0x000000000351c860, 0x0000000003520558]
Event: 20.673 Thread 0x00000000162a7800 3818       4       java.lang.ThreadLocal::get (38 bytes)
Event: 20.687 Thread 0x00000000162a7800 nmethod 3818 0x0000000003518110 code [0x00000000035182a0, 0x00000000035188d8]
Event: 20.687 Thread 0x00000000162a7800 3809       4       java.util.HashMap::<init> (98 bytes)
Event: 20.688 Thread 0x0000000017ae9000 3829       3       sun.reflect.generics.factory.CoreReflectionFactory::makeTypeVariable (11 bytes)
Event: 20.688 Thread 0x0000000017ae9000 nmethod 3829 0x0000000003517d50 code [0x0000000003517ec0, 0x0000000003518068]
Event: 20.688 Thread 0x0000000017ae9000 3830       3       sun.reflect.generics.reflectiveObjects.TypeVariableImpl::make (66 bytes)
Event: 20.689 Thread 0x00000000162a7800 nmethod 3809 0x0000000003516410 code [0x0000000003516560, 0x00000000035166f8]
Event: 20.689 Thread 0x00000000162a7800 3801       4       java.beans.MethodRef::get (91 bytes)
Event: 20.689 Thread 0x0000000017ae9000 nmethod 3830 0x000000000351af10 code [0x000000000351b140, 0x000000000351bfc8]

GC Heap History (10 events):
Event: 12.743 GC heap before
{Heap before GC invocations=9 (full 1):
 PSYoungGen      total 43008K, used 37571K [0x00000000e0000000, 0x00000000e4380000, 0x0000000100000000)
  eden space 32768K, 100% used [0x00000000e0000000,0x00000000e2000000,0x00000000e2000000)
  from space 10240K, 46% used [0x00000000e2000000,0x00000000e24b0fb0,0x00000000e2a00000)
  to   space 9728K, 0% used [0x00000000e3a00000,0x00000000e3a00000,0x00000000e4380000)
 ParOldGen       total 60416K, used 8052K [0x00000000a0000000, 0x00000000a3b00000, 0x00000000e0000000)
  object space 60416K, 13% used [0x00000000a0000000,0x00000000a07dd340,0x00000000a3b00000)
 Metaspace       used 28647K, capacity 29136K, committed 29312K, reserved 1075200K
  class space    used 4015K, capacity 4181K, committed 4224K, reserved 1048576K
Event: 12.753 GC heap after
Heap after GC invocations=9 (full 1):
 PSYoungGen      total 59392K, used 5831K [0x00000000e0000000, 0x00000000e4680000, 0x0000000100000000)
  eden space 49664K, 0% used [0x00000000e0000000,0x00000000e0000000,0x00000000e3080000)
  from space 9728K, 59% used [0x00000000e3a00000,0x00000000e3fb1c08,0x00000000e4380000)
  to   space 9728K, 0% used [0x00000000e3080000,0x00000000e3080000,0x00000000e3a00000)
 ParOldGen       total 60416K, used 8052K [0x00000000a0000000, 0x00000000a3b00000, 0x00000000e0000000)
  object space 60416K, 13% used [0x00000000a0000000,0x00000000a07dd340,0x00000000a3b00000)
 Metaspace       used 28647K, capacity 29136K, committed 29312K, reserved 1075200K
  class space    used 4015K, capacity 4181K, committed 4224K, reserved 1048576K
}
Event: 17.589 GC heap before
{Heap before GC invocations=10 (full 1):
 PSYoungGen      total 59392K, used 55495K [0x00000000e0000000, 0x00000000e4680000, 0x0000000100000000)
  eden space 49664K, 100% used [0x00000000e0000000,0x00000000e3080000,0x00000000e3080000)
  from space 9728K, 59% used [0x00000000e3a00000,0x00000000e3fb1c08,0x00000000e4380000)
  to   space 9728K, 0% used [0x00000000e3080000,0x00000000e3080000,0x00000000e3a00000)
 ParOldGen       total 60416K, used 8052K [0x00000000a0000000, 0x00000000a3b00000, 0x00000000e0000000)
  object space 60416K, 13% used [0x00000000a0000000,0x00000000a07dd340,0x00000000a3b00000)
 Metaspace       used 34037K, capacity 34614K, committed 34688K, reserved 1079296K
  class space    used 4724K, capacity 4925K, committed 4992K, reserved 1048576K
Event: 17.630 GC heap after
Heap after GC invocations=10 (full 1):
 PSYoungGen      total 59392K, used 9718K [0x00000000e0000000, 0x00000000e5780000, 0x0000000100000000)
  eden space 49664K, 0% used [0x00000000e0000000,0x00000000e0000000,0x00000000e3080000)
  from space 9728K, 99% used [0x00000000e3080000,0x00000000e39fdb50,0x00000000e3a00000)
  to   space 10752K, 0% used [0x00000000e4d00000,0x00000000e4d00000,0x00000000e5780000)
 ParOldGen       total 60416K, used 8458K [0x00000000a0000000, 0x00000000a3b00000, 0x00000000e0000000)
  object space 60416K, 13% used [0x00000000a0000000,0x00000000a08428c0,0x00000000a3b00000)
 Metaspace       used 34037K, capacity 34614K, committed 34688K, reserved 1079296K
  class space    used 4724K, capacity 4925K, committed 4992K, reserved 1048576K
}
Event: 17.856 GC heap before
{Heap before GC invocations=11 (full 1):
 PSYoungGen      total 59392K, used 12510K [0x00000000e0000000, 0x00000000e5780000, 0x0000000100000000)
  eden space 49664K, 5% used [0x00000000e0000000,0x00000000e02b9fa8,0x00000000e3080000)
  from space 9728K, 99% used [0x00000000e3080000,0x00000000e39fdb50,0x00000000e3a00000)
  to   space 10752K, 0% used [0x00000000e4d00000,0x00000000e4d00000,0x00000000e5780000)
 ParOldGen       total 60416K, used 8458K [0x00000000a0000000, 0x00000000a3b00000, 0x00000000e0000000)
  object space 60416K, 13% used [0x00000000a0000000,0x00000000a08428c0,0x00000000a3b00000)
 Metaspace       used 34663K, capacity 35182K, committed 35416K, reserved 1079296K
  class space    used 4782K, capacity 4967K, committed 4992K, reserved 1048576K
Event: 17.871 GC heap after
Heap after GC invocations=11 (full 1):
 PSYoungGen      total 78848K, used 4266K [0x00000000e0000000, 0x00000000e5d00000, 0x0000000100000000)
  eden space 68096K, 0% used [0x00000000e0000000,0x00000000e0000000,0x00000000e4280000)
  from space 10752K, 39% used [0x00000000e4d00000,0x00000000e512abb0,0x00000000e5780000)
  to   space 10752K, 0% used [0x00000000e4280000,0x00000000e4280000,0x00000000e4d00000)
 ParOldGen       total 60416K, used 11366K [0x00000000a0000000, 0x00000000a3b00000, 0x00000000e0000000)
  object space 60416K, 18% used [0x00000000a0000000,0x00000000a0b19970,0x00000000a3b00000)
 Metaspace       used 34663K, capacity 35182K, committed 35416K, reserved 1079296K
  class space    used 4782K, capacity 4967K, committed 4992K, reserved 1048576K
}
Event: 17.871 GC heap before
{Heap before GC invocations=12 (full 2):
 PSYoungGen      total 78848K, used 4266K [0x00000000e0000000, 0x00000000e5d00000, 0x0000000100000000)
  eden space 68096K, 0% used [0x00000000e0000000,0x00000000e0000000,0x00000000e4280000)
  from space 10752K, 39% used [0x00000000e4d00000,0x00000000e512abb0,0x00000000e5780000)
  to   space 10752K, 0% used [0x00000000e4280000,0x00000000e4280000,0x00000000e4d00000)
 ParOldGen       total 60416K, used 11366K [0x00000000a0000000, 0x00000000a3b00000, 0x00000000e0000000)
  object space 60416K, 18% used [0x00000000a0000000,0x00000000a0b19970,0x00000000a3b00000)
 Metaspace       used 34663K, capacity 35182K, committed 35416K, reserved 1079296K
  class space    used 4782K, capacity 4967K, committed 4992K, reserved 1048576K
Event: 17.980 GC heap after
Heap after GC invocations=12 (full 2):
 PSYoungGen      total 78848K, used 0K [0x00000000e0000000, 0x00000000e5d00000, 0x0000000100000000)
  eden space 68096K, 0% used [0x00000000e0000000,0x00000000e0000000,0x00000000e4280000)
  from space 10752K, 0% used [0x00000000e4d00000,0x00000000e4d00000,0x00000000e5780000)
  to   space 10752K, 0% used [0x00000000e4280000,0x00000000e4280000,0x00000000e4d00000)
 ParOldGen       total 81408K, used 13866K [0x00000000a0000000, 0x00000000a4f80000, 0x00000000e0000000)
  object space 81408K, 17% used [0x00000000a0000000,0x00000000a0d8a8d0,0x00000000a4f80000)
 Metaspace       used 34663K, capacity 35182K, committed 35416K, reserved 1079296K
  class space    used 4782K, capacity 4967K, committed 4992K, reserved 1048576K
}
Event: 20.281 GC heap before
{Heap before GC invocations=13 (full 2):
 PSYoungGen      total 78848K, used 68096K [0x00000000e0000000, 0x00000000e5d00000, 0x0000000100000000)
  eden space 68096K, 100% used [0x00000000e0000000,0x00000000e4280000,0x00000000e4280000)
  from space 10752K, 0% used [0x00000000e4d00000,0x00000000e4d00000,0x00000000e5780000)
  to   space 10752K, 0% used [0x00000000e4280000,0x00000000e4280000,0x00000000e4d00000)
 ParOldGen       total 81408K, used 13866K [0x00000000a0000000, 0x00000000a4f80000, 0x00000000e0000000)
  object space 81408K, 17% used [0x00000000a0000000,0x00000000a0d8a8d0,0x00000000a4f80000)
 Metaspace       used 38166K, capacity 38914K, committed 39256K, reserved 1083392K
  class space    used 5214K, capacity 5461K, committed 5504K, reserved 1048576K
Event: 20.303 GC heap after
Heap after GC invocations=13 (full 2):
 PSYoungGen      total 78848K, used 6615K [0x00000000e0000000, 0x00000000e7280000, 0x0000000100000000)
  eden space 68096K, 0% used [0x00000000e0000000,0x00000000e0000000,0x00000000e4280000)
  from space 10752K, 61% used [0x00000000e4280000,0x00000000e48f5fb8,0x00000000e4d00000)
  to   space 10752K, 0% used [0x00000000e6800000,0x00000000e6800000,0x00000000e7280000)
 ParOldGen       total 81408K, used 13874K [0x00000000a0000000, 0x00000000a4f80000, 0x00000000e0000000)
  object space 81408K, 17% used [0x00000000a0000000,0x00000000a0d8c8d0,0x00000000a4f80000)
 Metaspace       used 38166K, capacity 38914K, committed 39256K, reserved 1083392K
  class space    used 5214K, capacity 5461K, committed 5504K, reserved 1048576K
}

Deoptimization events (10 events):
Event: 19.060 Thread 0x0000000019310000 Uncommon trap: reason=unstable_if action=reinterpret pc=0x0000000003449ed0 method=java.lang.reflect.Modifier.toString(I)Ljava/lang/String; @ 123
Event: 19.433 Thread 0x0000000019310000 Uncommon trap: reason=unstable_if action=reinterpret pc=0x0000000002a3fd4c method=java.util.jar.Attributes$Name.isDigit(C)Z @ 3
Event: 19.498 Thread 0x0000000019310000 Uncommon trap: reason=unstable_if action=reinterpret pc=0x0000000002ee9690 method=java.lang.ThreadLocal.get()Ljava/lang/Object; @ 11
Event: 19.622 Thread 0x0000000019310000 Uncommon trap: reason=unstable_if action=reinterpret pc=0x0000000002ec711c method=java.util.HashMap.putVal(ILjava/lang/Object;Ljava/lang/Object;ZZ)Ljava/lang/Object; @ 236
Event: 19.742 Thread 0x0000000019310000 Uncommon trap: reason=unstable_if action=reinterpret pc=0x0000000002d907bc method=java.lang.CharacterDataLatin1.isWhitespace(I)Z @ 14
Event: 19.989 Thread 0x0000000019310000 Uncommon trap: reason=unstable_if action=reinterpret pc=0x000000000336ff58 method=java.util.jar.JarFile.getInputStream(Ljava/util/zip/ZipEntry;)Ljava/io/InputStream; @ 37
Event: 20.027 Thread 0x0000000019310000 Uncommon trap: reason=unstable_if action=reinterpret pc=0x00000000033688b0 method=java.security.CodeSource.<init>(Ljava/net/URL;[Ljava/security/CodeSigner;)V @ 25
Event: 20.028 Thread 0x0000000019310000 Uncommon trap: reason=unstable_if action=reinterpret pc=0x00000000030d1a6c method=java.security.CodeSource.getCertificates()[Ljava/security/cert/Certificate; @ 22
Event: 20.029 Thread 0x0000000019310000 Uncommon trap: reason=unstable_if action=reinterpret pc=0x000000000337cf30 method=java.security.CodeSource.matchCerts(Ljava/security/CodeSource;Z)Z @ 11
Event: 20.061 Thread 0x0000000019310000 Uncommon trap: reason=unstable_if action=reinterpret pc=0x0000000003357338 method=java.util.LinkedHashMap.get(Ljava/lang/Object;)Ljava/lang/Object; @ 20

Classes redefined (0 events):
No events

Internal exceptions (10 events):
Event: 14.307 Thread 0x0000000019310000 Exception <a 'java/lang/ClassNotFoundException': build_69l1yzsdpli6argq7s15quoztBeanInfo> (0x00000000e1cd5128) thrown at [D:\src\AOSP-openjdk-cygwin\jdk8u\hotspot\src\share\vm\classfile\systemDictionary.cpp, line 210]
Event: 14.307 Thread 0x0000000019310000 Exception <a 'java/lang/ClassNotFoundException': build_69l1yzsdpli6argq7s15quoztCustomizer> (0x00000000e1cdf608) thrown at [D:\src\AOSP-openjdk-cygwin\jdk8u\hotspot\src\share\vm\classfile\systemDictionary.cpp, line 210]
Event: 14.311 Thread 0x0000000019310000 Exception <a 'java/lang/ClassNotFoundException': org/gradle/api/internal/plugins/DefaultObjectConfigurationActionBeanInfo> (0x00000000e1d446f0) thrown at [D:\src\AOSP-openjdk-cygwin\jdk8u\hotspot\src\share\vm\classfile\systemDictionary.cpp, line 210]
Event: 14.311 Thread 0x0000000019310000 Exception <a 'java/lang/ClassNotFoundException': org/gradle/api/internal/plugins/DefaultObjectConfigurationActionCustomizer> (0x00000000e1d7a9e0) thrown at [D:\src\AOSP-openjdk-cygwin\jdk8u\hotspot\src\share\vm\classfile\systemDictionary.cpp, line 210]
Event: 18.517 Thread 0x0000000019310000 Exception <a 'sun/nio/fs/WindowsException'> (0x00000000e04cd988) thrown at [D:\src\AOSP-openjdk-cygwin\jdk8u\hotspot\src\share\vm\prims\jni.cpp, line 709]
Event: 19.498 Thread 0x0000000019310000 Implicit null exception at 0x0000000002ee9168 to 0x0000000002ee9679
Event: 20.498 Thread 0x0000000019310000 Exception <a 'java/lang/ClassNotFoundException': com/android/build/gradle/internal/api/DefaultAndroidSourceSet_DecoratedBeanInfo> (0x00000000e06dc8d8) thrown at [D:\src\AOSP-openjdk-cygwin\jdk8u\hotspot\src\share\vm\classfile\systemDictionary.cpp, line 21
Event: 20.498 Thread 0x0000000019310000 Exception <a 'java/lang/ClassNotFoundException': com/android/build/gradle/internal/api/DefaultAndroidSourceSetBeanInfo> (0x00000000e06f4f30) thrown at [D:\src\AOSP-openjdk-cygwin\jdk8u\hotspot\src\share\vm\classfile\systemDictionary.cpp, line 210]
Event: 20.498 Thread 0x0000000019310000 Exception <a 'java/lang/ClassNotFoundException': com/android/build/gradle/internal/api/DefaultAndroidSourceSetCustomizer> (0x00000000e070d9b8) thrown at [D:\src\AOSP-openjdk-cygwin\jdk8u\hotspot\src\share\vm\classfile\systemDictionary.cpp, line 210]
Event: 20.500 Thread 0x0000000019310000 Exception <a 'java/lang/ClassNotFoundException': com/android/build/gradle/internal/api/DefaultAndroidSourceSet_DecoratedCustomizer> (0x00000000e0769c00) thrown at [D:\src\AOSP-openjdk-cygwin\jdk8u\hotspot\src\share\vm\classfile\systemDictionary.cpp, line 

Events (10 events):
Event: 20.684 loading class com/google/common/reflect/Types$ClassOwnership$1LocalClass
Event: 20.684 loading class com/google/common/reflect/Types$ClassOwnership$1LocalClass done
Event: 20.685 loading class com/google/common/reflect/Types$JavaVersion
Event: 20.685 loading class com/google/common/reflect/Types$JavaVersion done
Event: 20.686 loading class com/google/common/reflect/Types$JavaVersion$1
Event: 20.686 loading class com/google/common/reflect/Types$JavaVersion$1 done
Event: 20.687 loading class com/google/common/reflect/Types$JavaVersion$2
Event: 20.687 loading class com/google/common/reflect/Types$JavaVersion$2 done
Event: 20.687 loading class com/google/common/reflect/Types$JavaVersion$3
Event: 20.687 loading class com/google/common/reflect/Types$JavaVersion$3 done


Dynamic libraries:
0x00007ff652320000 - 0x00007ff652351000 	C:\Program Files\Android\Android Studio\jre\bin\java.exe
0x00007ffa53890000 - 0x00007ffa53a71000 	C:\WINDOWS\SYSTEM32\ntdll.dll
0x00007ffa51560000 - 0x00007ffa51612000 	C:\WINDOWS\System32\KERNEL32.DLL
0x00007ffa50170000 - 0x00007ffa503e3000 	C:\WINDOWS\System32\KERNELBASE.dll
0x00007ffa512d0000 - 0x00007ffa51371000 	C:\WINDOWS\System32\ADVAPI32.dll
0x00007ffa50f20000 - 0x00007ffa50fbe000 	C:\WINDOWS\System32\msvcrt.dll
0x00007ffa50fc0000 - 0x00007ffa5101b000 	C:\WINDOWS\System32\sechost.dll
0x00007ffa51190000 - 0x00007ffa512b4000 	C:\WINDOWS\System32\RPCRT4.dll
0x00007ffa50d90000 - 0x00007ffa50f20000 	C:\WINDOWS\System32\USER32.dll
0x00007ffa50150000 - 0x00007ffa50170000 	C:\WINDOWS\System32\win32u.dll
0x00007ffa51f30000 - 0x00007ffa51f58000 	C:\WINDOWS\System32\GDI32.dll
0x00007ffa503f0000 - 0x00007ffa50582000 	C:\WINDOWS\System32\gdi32full.dll
0x00007ffa4ffb0000 - 0x00007ffa5004f000 	C:\WINDOWS\System32\msvcp_win.dll
0x00007ffa4feb0000 - 0x00007ffa4ffaa000 	C:\WINDOWS\System32\ucrtbase.dll
0x00007ffa42530000 - 0x00007ffa42799000 	C:\WINDOWS\WinSxS\amd64_microsoft.windows.common-controls_6595b64144ccf1df_6.0.17134.285_none_fb4297e330656775\COMCTL32.dll
0x00007ffa53500000 - 0x00007ffa53823000 	C:\WINDOWS\System32\combase.dll
0x00007ffa50590000 - 0x00007ffa5060a000 	C:\WINDOWS\System32\bcryptPrimitives.dll
0x00007ffa51720000 - 0x00007ffa5174d000 	C:\WINDOWS\System32\IMM32.DLL
0x000000005f560000 - 0x000000005f632000 	C:\Program Files\Android\Android Studio\jre\jre\bin\msvcr100.dll
0x000000005f720000 - 0x000000005ff5f000 	C:\Program Files\Android\Android Studio\jre\jre\bin\server\jvm.dll
0x00007ffa50d20000 - 0x00007ffa50d28000 	C:\WINDOWS\System32\PSAPI.DLL
0x00007ffa4c5d0000 - 0x00007ffa4c5d9000 	C:\WINDOWS\SYSTEM32\WSOCK32.dll
0x00007ffa51750000 - 0x00007ffa517bc000 	C:\WINDOWS\System32\WS2_32.dll
0x00007ffa4d730000 - 0x00007ffa4d753000 	C:\WINDOWS\SYSTEM32\WINMM.dll
0x00007ffa41a30000 - 0x00007ffa41a3a000 	C:\WINDOWS\SYSTEM32\VERSION.dll
0x00007ffa4d700000 - 0x00007ffa4d72a000 	C:\WINDOWS\SYSTEM32\WINMMBASE.dll
0x00007ffa50050000 - 0x00007ffa50099000 	C:\WINDOWS\System32\cfgmgr32.dll
0x00007ffa457f0000 - 0x00007ffa457ff000 	C:\Program Files\Android\Android Studio\jre\jre\bin\verify.dll
0x00007ffa3f5a0000 - 0x00007ffa3f5c9000 	C:\Program Files\Android\Android Studio\jre\jre\bin\java.dll
0x00007ffa42160000 - 0x00007ffa42176000 	C:\Program Files\Android\Android Studio\jre\jre\bin\zip.dll
0x00007ffa51f60000 - 0x00007ffa533a0000 	C:\WINDOWS\System32\SHELL32.dll
0x00007ffa517c0000 - 0x00007ffa51869000 	C:\WINDOWS\System32\shcore.dll
0x00007ffa50610000 - 0x00007ffa50d1d000 	C:\WINDOWS\System32\windows.storage.dll
0x00007ffa516c0000 - 0x00007ffa51711000 	C:\WINDOWS\System32\shlwapi.dll
0x00007ffa4fbd0000 - 0x00007ffa4fbe1000 	C:\WINDOWS\System32\kernel.appcore.dll
0x00007ffa4fbf0000 - 0x00007ffa4fc0f000 	C:\WINDOWS\System32\profapi.dll
0x00007ffa4fc10000 - 0x00007ffa4fc5c000 	C:\WINDOWS\System32\powrprof.dll
0x00007ffa4fbc0000 - 0x00007ffa4fbca000 	C:\WINDOWS\System32\FLTLIB.DLL
0x00007ffa41660000 - 0x00007ffa4167a000 	C:\Program Files\Android\Android Studio\jre\jre\bin\net.dll
0x00007ffa4f420000 - 0x00007ffa4f486000 	C:\WINDOWS\system32\mswsock.dll
0x00007ffa3f4d0000 - 0x00007ffa3f4e1000 	C:\Program Files\Android\Android Studio\jre\jre\bin\nio.dll
0x00007ffa37d50000 - 0x00007ffa37d6e000 	C:\Users\blitox\.gradle\native\25\windows-amd64\native-platform.dll
0x00007ffa41ed0000 - 0x00007ffa41edd000 	C:\Program Files\Android\Android Studio\jre\jre\bin\management.dll
0x00007ffa4f5d0000 - 0x00007ffa4f5e7000 	C:\WINDOWS\SYSTEM32\CRYPTSP.dll
0x00007ffa4f000000 - 0x00007ffa4f033000 	C:\WINDOWS\system32\rsaenh.dll
0x00007ffa4f700000 - 0x00007ffa4f725000 	C:\WINDOWS\SYSTEM32\bcrypt.dll
0x00007ffa4faa0000 - 0x00007ffa4fac8000 	C:\WINDOWS\SYSTEM32\USERENV.dll
0x00007ffa4f5f0000 - 0x00007ffa4f5fb000 	C:\WINDOWS\SYSTEM32\CRYPTBASE.dll
0x00007ffa4f1a0000 - 0x00007ffa4f1d8000 	C:\WINDOWS\SYSTEM32\IPHLPAPI.DLL
0x00007ffa53850000 - 0x00007ffa53858000 	C:\WINDOWS\System32\NSI.dll
0x00007ffa47570000 - 0x00007ffa47586000 	C:\WINDOWS\SYSTEM32\dhcpcsvc6.DLL
0x00007ffa47550000 - 0x00007ffa4756a000 	C:\WINDOWS\SYSTEM32\dhcpcsvc.DLL

VM Arguments:
jvm_args: -Xmx1536m -Dfile.encoding=windows-1252 -Duser.country=US -Duser.language=en -Duser.variant 
java_command: org.gradle.launcher.daemon.bootstrap.GradleDaemon 4.4
java_class_path (initial): C:\Users\blitox\.gradle\wrapper\dists\gradle-4.4-all\9br9xq1tocpiv8o6njlyu5op1\gradle-4.4\lib\gradle-launcher-4.4.jar
Launcher Type: SUN_STANDARD

Environment Variables:
PATH=C:\WINDOWS\system32;C:\WINDOWS;C:\WINDOWS\System32\Wbem;C:\WINDOWS\System32\WindowsPowerShell\v1.0\;C:\WINDOWS\System32\OpenSSH\;C:\Program Files\Git\cmd;C:\Users\blitox\AppData\Local\Microsoft\WindowsApps;
USERNAME=blitox
OS=Windows_NT
PROCESSOR_IDENTIFIER=Intel64 Family 6 Model 69 Stepping 1, GenuineIntel



---------------  S Y S T E M  ---------------

OS: Windows 10.0 , 64 bit Build 17134 (10.0.17134.1)

CPU:total 4 (initial active 4) (2 cores per cpu, 2 threads per core) family 6 model 69 stepping 1, cmov, cx8, fxsr, mmx, sse, sse2, sse3, ssse3, sse4.1, sse4.2, popcnt, avx, avx2, aes, clmul, erms, lzcnt, ht, tsc, tscinvbit, bmi1, bmi2

Memory: 4k page, physical 8290324k(1548740k free), swap 8290324k(6608k free)

vm_info: OpenJDK 64-Bit Server VM (25.152-b02) for windows-amd64 JRE (1.8.0_152-release-1024-b02), built by "builder" with MS VC++ 10.0 (VS2010)

time: Wed Sep 26 10:43:09 2018
elapsed time: 20 seconds (0d 0h 0m 20s)

